Nov  7 21:12:57 kivand-FX705DU kernel: [178559.111139] IPv6: ADDRCONF(NETDEV_CHANGE): wlp4s0: link becomes ready
Nov  7 21:13:02 kivand-FX705DU kernel: [178563.952552] audit: type=1107 audit(1699380782.044:1165): pid=708 uid=102 auid=4294967295 ses=4294967295 subj=unconfined msg='apparmor="DENIED" operation="dbus_signal"  bus="system" path="/org/freedesktop/login1" interface="org.freedesktop.DBus.Properties" member="PropertiesChanged" name=":1.4" mask="receive" pid=6920 label="snap.firefox.firefox" peer_pid=836 peer_label="unconfined"
Nov  7 21:13:02 kivand-FX705DU kernel: [178563.952552]  exe="/usr/bin/dbus-daemon" sauid=102 hostname=? addr=? terminal=?'
Nov  7 21:13:08 kivand-FX705DU kernel: [178570.446308] audit: type=1400 audit(1699380788.541:1166): apparmor="DENIED" operation="open" class="file" profile="snap.snap-store.ubuntu-software" name="/var/lib/snapd/hostfs/usr/share/discord/discord.desktop" pid=2634 comm="pool-org.gnome." requested_mask="r" denied_mask="r" fsuid=1000 ouid=0
Nov  7 21:13:08 kivand-FX705DU kernel: [178570.526599] audit: type=1400 audit(1699380788.621:1167): apparmor="DENIED" operation="open" class="file" profile="snap.snap-store.ubuntu-software" name="/var/lib/snapd/hostfs/usr/share/discord/discord.desktop" pid=2634 comm="pool-org.gnome." requested_mask="r" denied_mask="r" fsuid=1000 ouid=0
Nov  7 21:13:09 kivand-FX705DU kernel: [178570.917110] audit: type=1326 audit(1699380789.009:1168): auid=1000 uid=1000 gid=1000 ses=3 subj=snap.snap-store.ubuntu-software pid=2634 comm="pool-org.gnome." exe="/snap/snap-store/959/usr/bin/snap-store" sig=0 arch=c000003e syscall=93 compat=0 ip=0x7f065c541c4b code=0x50000
Nov  7 21:13:09 kivand-FX705DU kernel: [178571.867100] audit: type=1107 audit(1699380789.961:1169): pid=708 uid=102 auid=4294967295 ses=4294967295 subj=unconfined msg='apparmor="DENIED" operation="dbus_signal"  bus="system" path="/org/freedesktop/login1" interface="org.freedesktop.DBus.Properties" member="PropertiesChanged" name=":1.4" mask="receive" pid=6920 label="snap.firefox.firefox" peer_pid=836 peer_label="unconfined"
Nov  7 21:13:09 kivand-FX705DU kernel: [178571.867100]  exe="/usr/bin/dbus-daemon" sauid=102 hostname=? addr=? terminal=?'
Nov  7 21:13:10 kivand-FX705DU kernel: [178572.180524] audit: type=1107 audit(1699380790.273:1170): pid=708 uid=102 auid=4294967295 ses=4294967295 subj=unconfined msg='apparmor="DENIED" operation="dbus_signal"  bus="system" path="/org/freedesktop/login1" interface="org.freedesktop.DBus.Properties" member="PropertiesChanged" name=":1.4" mask="receive" pid=6920 label="snap.firefox.firefox" peer_pid=836 peer_label="unconfined"
Nov  7 21:13:10 kivand-FX705DU kernel: [178572.180524]  exe="/usr/bin/dbus-daemon" sauid=102 hostname=? addr=? terminal=?'
Nov  7 21:13:12 kivand-FX705DU kernel: [178574.296552] audit: type=1107 audit(1699380792.389:1171): pid=708 uid=102 auid=4294967295 ses=4294967295 subj=unconfined msg='apparmor="DENIED" operation="dbus_signal"  bus="system" path="/org/freedesktop/login1" interface="org.freedesktop.DBus.Properties" member="PropertiesChanged" name=":1.4" mask="receive" pid=6920 label="snap.firefox.firefox" peer_pid=836 peer_label="unconfined"
Nov  7 21:13:12 kivand-FX705DU kernel: [178574.296552]  exe="/usr/bin/dbus-daemon" sauid=102 hostname=? addr=? terminal=?'
Nov  7 21:13:13 kivand-FX705DU kernel: [178575.027077] audit: type=1107 audit(1699380793.121:1172): pid=708 uid=102 auid=4294967295 ses=4294967295 subj=unconfined msg='apparmor="DENIED" operation="dbus_signal"  bus="system" path="/org/freedesktop/login1" interface="org.freedesktop.DBus.Properties" member="PropertiesChanged" name=":1.4" mask="receive" pid=6920 label="snap.firefox.firefox" peer_pid=836 peer_label="unconfined"
Nov  7 21:13:13 kivand-FX705DU kernel: [178575.027077]  exe="/usr/bin/dbus-daemon" sauid=102 hostname=? addr=? terminal=?'
Nov  7 21:13:15 kivand-FX705DU kernel: [178577.015856] audit: type=1107 audit(1699380795.109:1173): pid=708 uid=102 auid=4294967295 ses=4294967295 subj=unconfined msg='apparmor="DENIED" operation="dbus_signal"  bus="system" path="/org/freedesktop/login1" interface="org.freedesktop.DBus.Properties" member="PropertiesChanged" name=":1.4" mask="receive" pid=6920 label="snap.firefox.firefox" peer_pid=836 peer_label="unconfined"
Nov  7 21:13:15 kivand-FX705DU kernel: [178577.015856]  exe="/usr/bin/dbus-daemon" sauid=102 hostname=? addr=? terminal=?'
Nov  7 21:13:15 kivand-FX705DU kernel: [178577.842452] audit: type=1107 audit(1699380795.937:1174): pid=708 uid=102 auid=4294967295 ses=4294967295 subj=unconfined msg='apparmor="DENIED" operation="dbus_signal"  bus="system" path="/org/freedesktop/login1" interface="org.freedesktop.DBus.Properties" member="PropertiesChanged" name=":1.4" mask="receive" pid=6920 label="snap.firefox.firefox" peer_pid=836 peer_label="unconfined"
Nov  7 21:13:15 kivand-FX705DU kernel: [178577.842452]  exe="/usr/bin/dbus-daemon" sauid=102 hostname=? addr=? terminal=?'
Nov  7 21:13:17 kivand-FX705DU kernel: [178579.726295] audit: type=1107 audit(1699380797.821:1175): pid=708 uid=102 auid=4294967295 ses=4294967295 subj=unconfined msg='apparmor="DENIED" operation="dbus_signal"  bus="system" path="/org/freedesktop/login1" interface="org.freedesktop.DBus.Properties" member="PropertiesChanged" name=":1.4" mask="receive" pid=6920 label="snap.firefox.firefox" peer_pid=836 peer_label="unconfined"
Nov  7 21:13:17 kivand-FX705DU kernel: [178579.726295]  exe="/usr/bin/dbus-daemon" sauid=102 hostname=? addr=? terminal=?'
Nov  7 21:13:18 kivand-FX705DU kernel: [178580.428499] audit: type=1107 audit(1699380798.521:1176): pid=708 uid=102 auid=4294967295 ses=4294967295 subj=unconfined msg='apparmor="DENIED" operation="dbus_signal"  bus="system" path="/org/freedesktop/login1" interface="org.freedesktop.DBus.Properties" member="PropertiesChanged" name=":1.4" mask="receive" pid=6920 label="snap.firefox.firefox" peer_pid=836 peer_label="unconfined"
Nov  7 21:13:18 kivand-FX705DU kernel: [178580.428499]  exe="/usr/bin/dbus-daemon" sauid=102 hostname=? addr=? terminal=?'
Nov  7 21:13:42 kivand-FX705DU kernel: [178604.764954] audit: type=1107 audit(1699380822.863:1177): pid=708 uid=102 auid=4294967295 ses=4294967295 subj=unconfined msg='apparmor="DENIED" operation="dbus_signal"  bus="system" path="/org/freedesktop/login1" interface="org.freedesktop.DBus.Properties" member="PropertiesChanged" name=":1.4" mask="receive" pid=6920 label="snap.firefox.firefox" peer_pid=836 peer_label="unconfined"
Nov  7 21:13:42 kivand-FX705DU kernel: [178604.764954]  exe="/usr/bin/dbus-daemon" sauid=102 hostname=? addr=? terminal=?'
Nov  7 21:14:13 kivand-FX705DU kernel: [178635.017981] audit: type=1107 audit(1699380853.112:1178): pid=708 uid=102 auid=4294967295 ses=4294967295 subj=unconfined msg='apparmor="DENIED" operation="dbus_signal"  bus="system" path="/org/freedesktop/login1" interface="org.freedesktop.DBus.Properties" member="PropertiesChanged" name=":1.4" mask="receive" pid=6920 label="snap.firefox.firefox" peer_pid=836 peer_label="unconfined"
Nov  7 21:14:13 kivand-FX705DU kernel: [178635.017981]  exe="/usr/bin/dbus-daemon" sauid=102 hostname=? addr=? terminal=?'
Nov  7 21:14:25 kivand-FX705DU kernel: [178646.957902] audit: type=1107 audit(1699380865.057:1179): pid=708 uid=102 auid=4294967295 ses=4294967295 subj=unconfined msg='apparmor="DENIED" operation="dbus_signal"  bus="system" path="/org/freedesktop/login1" interface="org.freedesktop.DBus.Properties" member="PropertiesChanged" name=":1.4" mask="receive" pid=6920 label="snap.firefox.firefox" peer_pid=836 peer_label="unconfined"
Nov  7 21:14:25 kivand-FX705DU kernel: [178646.957902]  exe="/usr/bin/dbus-daemon" sauid=102 hostname=? addr=? terminal=?'
Nov  7 21:14:25 kivand-FX705DU kernel: [178647.579294] audit: type=1107 audit(1699380865.677:1180): pid=708 uid=102 auid=4294967295 ses=4294967295 subj=unconfined msg='apparmor="DENIED" operation="dbus_signal"  bus="system" path="/org/freedesktop/login1" interface="org.freedesktop.DBus.Properties" member="PropertiesChanged" name=":1.4" mask="receive" pid=6920 label="snap.firefox.firefox" peer_pid=836 peer_label="unconfined"
Nov  7 21:14:25 kivand-FX705DU kernel: [178647.579294]  exe="/usr/bin/dbus-daemon" sauid=102 hostname=? addr=? terminal=?'
Nov  7 21:14:33 kivand-FX705DU kernel: [178655.081597] [drm:nv_drm_master_set [nvidia_drm]] *ERROR* [nvidia-drm] [GPU ID 0x00000100] Failed to grab modeset ownership
Nov  7 21:14:33 kivand-FX705DU kernel: [178655.081945] [drm:nv_drm_master_set [nvidia_drm]] *ERROR* [nvidia-drm] [GPU ID 0x00000100] Failed to grab modeset ownership
Nov  7 21:14:33 kivand-FX705DU kernel: [178655.082233] [drm:nv_drm_master_set [nvidia_drm]] *ERROR* [nvidia-drm] [GPU ID 0x00000100] Failed to grab modeset ownership
Nov  7 21:14:55 kivand-FX705DU kernel: [178677.028735] audit: type=1107 audit(1699380895.131:1181): pid=708 uid=102 auid=4294967295 ses=4294967295 subj=unconfined msg='apparmor="DENIED" operation="dbus_signal"  bus="system" path="/org/freedesktop/login1" interface="org.freedesktop.DBus.Properties" member="PropertiesChanged" name=":1.4" mask="receive" pid=6920 label="snap.firefox.firefox" peer_pid=836 peer_label="unconfined"
Nov  7 21:14:55 kivand-FX705DU kernel: [178677.028735]  exe="/usr/bin/dbus-daemon" sauid=102 hostname=? addr=? terminal=?'
Nov  7 21:39:21 kivand-FX705DU kernel: [180143.848461] audit: type=1400 audit(1699382361.976:1182): apparmor="DENIED" operation="open" class="file" profile="snap.snap-store.ubuntu-software" name="/var/lib/snapd/hostfs/usr/share/discord/discord.desktop" pid=2634 comm="pool-org.gnome." requested_mask="r" denied_mask="r" fsuid=1000 ouid=0
Nov  7 21:39:22 kivand-FX705DU kernel: [180143.900278] audit: type=1400 audit(1699382362.028:1183): apparmor="DENIED" operation="open" class="file" profile="snap.snap-store.ubuntu-software" name="/var/lib/snapd/hostfs/usr/share/discord/discord.desktop" pid=2634 comm="pool-org.gnome." requested_mask="r" denied_mask="r" fsuid=1000 ouid=0
Nov  7 21:39:22 kivand-FX705DU kernel: [180144.196408] audit: type=1326 audit(1699382362.324:1184): auid=1000 uid=1000 gid=1000 ses=3 subj=snap.snap-store.ubuntu-software pid=2634 comm="pool-org.gnome." exe="/snap/snap-store/959/usr/bin/snap-store" sig=0 arch=c000003e syscall=93 compat=0 ip=0x7f065c541c4b code=0x50000
Nov  7 21:53:35 kivand-FX705DU kernel: [180997.704453] audit: type=1107 audit(1699383215.841:1185): pid=708 uid=102 auid=4294967295 ses=4294967295 subj=unconfined msg='apparmor="DENIED" operation="dbus_signal"  bus="system" path="/org/freedesktop/login1" interface="org.freedesktop.DBus.Properties" member="PropertiesChanged" name=":1.4" mask="receive" pid=6920 label="snap.firefox.firefox" peer_pid=836 peer_label="unconfined"
Nov  7 21:53:35 kivand-FX705DU kernel: [180997.704453]  exe="/usr/bin/dbus-daemon" sauid=102 hostname=? addr=? terminal=?'
Nov  7 21:53:37 kivand-FX705DU kernel: [180999.028400] audit: type=1107 audit(1699383217.165:1186): pid=708 uid=102 auid=4294967295 ses=4294967295 subj=unconfined msg='apparmor="DENIED" operation="dbus_signal"  bus="system" path="/org/freedesktop/login1" interface="org.freedesktop.DBus.Properties" member="PropertiesChanged" name=":1.4" mask="receive" pid=6920 label="snap.firefox.firefox" peer_pid=836 peer_label="unconfined"
Nov  7 21:53:37 kivand-FX705DU kernel: [180999.028400]  exe="/usr/bin/dbus-daemon" sauid=102 hostname=? addr=? terminal=?'
Nov  7 21:53:39 kivand-FX705DU kernel: [181000.961282] audit: type=1107 audit(1699383219.097:1187): pid=708 uid=102 auid=4294967295 ses=4294967295 subj=unconfined msg='apparmor="DENIED" operation="dbus_signal"  bus="system" path="/org/freedesktop/login1" interface="org.freedesktop.DBus.Properties" member="PropertiesChanged" name=":1.4" mask="receive" pid=6920 label="snap.firefox.firefox" peer_pid=836 peer_label="unconfined"
Nov  7 21:53:39 kivand-FX705DU kernel: [181000.961282]  exe="/usr/bin/dbus-daemon" sauid=102 hostname=? addr=? terminal=?'
Nov  7 21:53:39 kivand-FX705DU kernel: [181001.706278] audit: type=1107 audit(1699383219.845:1188): pid=708 uid=102 auid=4294967295 ses=4294967295 subj=unconfined msg='apparmor="DENIED" operation="dbus_signal"  bus="system" path="/org/freedesktop/login1" interface="org.freedesktop.DBus.Properties" member="PropertiesChanged" name=":1.4" mask="receive" pid=6920 label="snap.firefox.firefox" peer_pid=836 peer_label="unconfined"
Nov  7 21:53:39 kivand-FX705DU kernel: [181001.706278]  exe="/usr/bin/dbus-daemon" sauid=102 hostname=? addr=? terminal=?'
Nov  7 21:53:41 kivand-FX705DU kernel: [181003.790009] audit: type=1107 audit(1699383221.929:1189): pid=708 uid=102 auid=4294967295 ses=4294967295 subj=unconfined msg='apparmor="DENIED" operation="dbus_signal"  bus="system" path="/org/freedesktop/login1" interface="org.freedesktop.DBus.Properties" member="PropertiesChanged" name=":1.4" mask="receive" pid=6920 label="snap.firefox.firefox" peer_pid=836 peer_label="unconfined"
Nov  7 21:53:41 kivand-FX705DU kernel: [181003.790009]  exe="/usr/bin/dbus-daemon" sauid=102 hostname=? addr=? terminal=?'
Nov  7 21:53:42 kivand-FX705DU kernel: [181004.596284] audit: type=1107 audit(1699383222.733:1190): pid=708 uid=102 auid=4294967295 ses=4294967295 subj=unconfined msg='apparmor="DENIED" operation="dbus_signal"  bus="system" path="/org/freedesktop/login1" interface="org.freedesktop.DBus.Properties" member="PropertiesChanged" name=":1.4" mask="receive" pid=6920 label="snap.firefox.firefox" peer_pid=836 peer_label="unconfined"
Nov  7 21:53:42 kivand-FX705DU kernel: [181004.596284]  exe="/usr/bin/dbus-daemon" sauid=102 hostname=? addr=? terminal=?'
